------------------------------------------
Setting up environment variables
---
LD_LIBRARY_PATH is .:v95/runtime/glnxa64:v95/bin/glnxa64:v95/sys/os/glnxa64:v95/sys/opengl/lib/glnxa64

j_C =

    0.1510


f_D =

    0.4507


file =

    'not needed'


input_instance =

    '0.151'


Re_C =

   2.3552e+03


Re_H =

   2.7681e+03


cmp_fiber =

   25.3576   15.4812


cmp_TC =

   18.0514   14.6304    9.5073    4.8967


rmsd_fiber =

   25.3576


rmsd_TC =

   18.0514


cmp_hyd =

   1.0e+03 *

    1.8104    0.6019


cmp_tmp =

   32.2227   25.6167


cmp_hxt =

  988.1361  233.0189


rmsd_DP =

   1.8104e+03


rmsd_Tout =

   32.2227


rmsd_qdot =

  988.1361

