------------------------------------------
Setting up environment variables
---
LD_LIBRARY_PATH is .:v95/runtime/glnxa64:v95/bin/glnxa64:v95/sys/os/glnxa64:v95/sys/opengl/lib/glnxa64

j_C =

    0.0478


f_D =

    0.4507


file =

    'not needed'


input_instance =

    '0.04775'


Re_C =

   2.3807e+03


Re_H =

   2.8171e+03


cmp_fiber =

   26.1753   16.5026


cmp_TC =

   13.3279   13.3239    7.7586    5.0908


rmsd_fiber =

   26.1753


rmsd_TC =

   13.3279


cmp_hyd =

   1.0e+03 *

    1.7821    0.5302


cmp_tmp =

   26.9650   21.9366


cmp_hxt =

  839.5796  233.5492


rmsd_DP =

   1.7821e+03


rmsd_Tout =

   26.9650


rmsd_qdot =

  839.5796

