------------------------------------------
Setting up environment variables
---
LD_LIBRARY_PATH is .:v95/runtime/glnxa64:v95/bin/glnxa64:v95/sys/os/glnxa64:v95/sys/opengl/lib/glnxa64

j_C =

    0.2393


f_D =

    0.4507


file =

    'not needed'


input_instance =

    '0.23932'


Re_C =

   2.3488e+03


Re_H =

   2.7569e+03


cmp_fiber =

   25.0143   15.1571


cmp_TC =

   18.8402   14.9213    9.8308    4.9253


rmsd_fiber =

   25.0143


rmsd_TC =

   18.8402


cmp_hyd =

   1.0e+03 *

    1.8105    0.6132


cmp_tmp =

   33.1829   26.2910


cmp_hxt =

   1.0e+03 *

    1.0144    0.2329


rmsd_DP =

   1.8105e+03


rmsd_Tout =

   33.1829


rmsd_qdot =

   1.0144e+03

