------------------------------------------
Setting up environment variables
---
LD_LIBRARY_PATH is .:v95/runtime/glnxa64:v95/bin/glnxa64:v95/sys/os/glnxa64:v95/sys/opengl/lib/glnxa64

j_C =

    0.3013


f_D =

    0.4507


file =

    'not needed'


input_instance =

    '0.30128'


Re_C =

   2.3461e+03


Re_H =

   2.7524e+03


cmp_fiber =

   24.8551   15.0245


cmp_TC =

   19.1124   15.0341    9.9460    4.9483


rmsd_fiber =

   24.8551


rmsd_TC =

   19.1124


cmp_hyd =

   1.0e+03 *

    1.8097    0.6169


cmp_tmp =

   33.5268   26.5314


cmp_hxt =

   1.0e+03 *

    1.0238    0.2328


rmsd_DP =

   1.8097e+03


rmsd_Tout =

   33.5268


rmsd_qdot =

   1.0238e+03

