------------------------------------------
Setting up environment variables
---
LD_LIBRARY_PATH is .:v95/runtime/glnxa64:v95/bin/glnxa64:v95/sys/os/glnxa64:v95/sys/opengl/lib/glnxa64

j_C =

    0.2624


f_D =

    0.4507


file =

    'not needed'


input_instance =

    '0.2624'


Re_C =

   2.3477e+03


Re_H =

   2.7550e+03


cmp_fiber =

   24.9472   15.1008


cmp_TC =

   18.9571   14.9690    9.8800    4.9341


rmsd_fiber =

   24.9472


rmsd_TC =

   18.9571


cmp_hyd =

   1.0e+03 *

    1.8102    0.6148


cmp_tmp =

   33.3296   26.3937


cmp_hxt =

   1.0e+03 *

    1.0185    0.2329


rmsd_DP =

   1.8102e+03


rmsd_Tout =

   33.3296


rmsd_qdot =

   1.0185e+03

