------------------------------------------
Setting up environment variables
---
LD_LIBRARY_PATH is .:v95/runtime/glnxa64:v95/bin/glnxa64:v95/sys/os/glnxa64:v95/sys/opengl/lib/glnxa64

j_C =

    0.0690


f_D =

    0.4507


file =

    'not needed'


input_instance =

    '0.06902'


Re_C =

   2.3708e+03


Re_H =

   2.7975e+03


cmp_fiber =

   25.8737   16.1364


cmp_TC =

   15.4474   13.8551    8.5084    4.9624


rmsd_fiber =

   25.8737


rmsd_TC =

   15.4474


cmp_hyd =

   1.0e+03 *

    1.7965    0.5627


cmp_tmp =

   29.2734   23.5488


cmp_hxt =

  905.2333  233.4229


rmsd_DP =

   1.7965e+03


rmsd_Tout =

   29.2734


rmsd_qdot =

  905.2333

