------------------------------------------
Setting up environment variables
---
LD_LIBRARY_PATH is .:v95/runtime/glnxa64:v95/bin/glnxa64:v95/sys/os/glnxa64:v95/sys/opengl/lib/glnxa64

j_C =

    0.1045


f_D =

    0.4507


file =

    'not needed'


input_instance =

    '0.10446'


Re_C =

   2.3617e+03


Re_H =

   2.7800e+03


cmp_fiber =

   25.6012   15.7778


cmp_TC =

   17.0807   14.3171    9.1243    4.9024


rmsd_fiber =

   25.6012


rmsd_TC =

   17.0807


cmp_hyd =

   1.0e+03 *

    1.8063    0.5874


cmp_tmp =

   31.0951   24.8253


cmp_hxt =

  956.6997  233.1256


rmsd_DP =

   1.8063e+03


rmsd_Tout =

   31.0951


rmsd_qdot =

  956.6997

