------------------------------------------
Setting up environment variables
---
LD_LIBRARY_PATH is .:v95/runtime/glnxa64:v95/bin/glnxa64:v95/sys/os/glnxa64:v95/sys/opengl/lib/glnxa64

j_C =

    0.1991


f_D =

    0.4507


file =

    'not needed'


input_instance =

    '0.19905'


Re_C =

   2.3512e+03


Re_H =

   2.7609e+03


cmp_fiber =

   25.1713   15.2906


cmp_TC =

   18.5689   14.8164    9.7181    4.9104


rmsd_fiber =

   25.1713


rmsd_TC =

   18.5689


cmp_hyd =

   1.0e+03 *

    1.8113    0.6094


cmp_tmp =

   32.8468   26.0547


cmp_hxt =

   1.0e+03 *

    1.0054    0.2329


rmsd_DP =

   1.8113e+03


rmsd_Tout =

   32.8468


rmsd_qdot =

   1.0054e+03

