------------------------------------------
Setting up environment variables
---
LD_LIBRARY_PATH is .:v95/runtime/glnxa64:v95/bin/glnxa64:v95/sys/os/glnxa64:v95/sys/opengl/lib/glnxa64

j_C =

    0.0132


f_D =

    0.4507


file =

    'not needed'


input_instance =

    '0.01315'


Re_C =

   2.4329e+03


Re_H =

   2.9209e+03


cmp_fiber =

   28.1994   17.8500


cmp_TC =

    7.4422   10.3403    6.1482    6.5663


rmsd_fiber =

   28.1994


rmsd_TC =

    7.4422


cmp_hyd =

   1.0e+03 *

    1.6656    0.2672


cmp_tmp =

    9.8197    9.2839


cmp_hxt =

  354.2015  233.9091


rmsd_DP =

   1.6656e+03


rmsd_Tout =

    9.8197


rmsd_qdot =

  354.2015

