------------------------------------------
Setting up environment variables
---
LD_LIBRARY_PATH is .:v95/runtime/glnxa64:v95/bin/glnxa64:v95/sys/os/glnxa64:v95/sys/opengl/lib/glnxa64

j_C =

    0.0166


f_D =

    0.4507


file =

    'not needed'


input_instance =

    '0.01656'


Re_C =

   2.4212e+03


Re_H =

   2.8984e+03


cmp_fiber =

   27.6793   17.5616


cmp_TC =

    5.3391   10.9989    5.6742    6.1405


rmsd_fiber =

   27.6793


rmsd_TC =

    5.3391


cmp_hyd =

   1.0e+03 *

    1.6961    0.3391


cmp_tmp =

   14.2639   13.2776


cmp_hxt =

  478.6316  233.5439


rmsd_DP =

   1.6961e+03


rmsd_Tout =

   14.2639


rmsd_qdot =

  478.6316

