------------------------------------------
Setting up environment variables
---
LD_LIBRARY_PATH is .:v95/runtime/glnxa64:v95/bin/glnxa64:v95/sys/os/glnxa64:v95/sys/opengl/lib/glnxa64

j_C =

    0.0757


f_D =

    0.4507


file =

    'not needed'


input_instance =

    '0.07568'


Re_C =

   2.3686e+03


Re_H =

   2.7932e+03


cmp_fiber =

   25.7976   16.0473


cmp_TC =

   15.8718   13.9688    8.6652    4.9425


rmsd_fiber =

   25.7976


rmsd_TC =

   15.8718


cmp_hyd =

   1.0e+03 *

    1.7989    0.5691


cmp_tmp =

   29.7411   23.8770


cmp_hxt =

  918.4736  233.5249


rmsd_DP =

   1.7989e+03


rmsd_Tout =

   29.7411


rmsd_qdot =

  918.4736

