------------------------------------------
Setting up environment variables
---
LD_LIBRARY_PATH is .:v95/runtime/glnxa64:v95/bin/glnxa64:v95/sys/os/glnxa64:v95/sys/opengl/lib/glnxa64

j_C =

    0.0066


f_D =

    0.4507


file =

    'not needed'


input_instance =

    '0.00659'


Re_C =

   2.4752e+03


Re_H =

   2.9836e+03


cmp_fiber =

   30.9494   18.4355


cmp_TC =

   23.9809    8.8593   11.4589    8.7299


rmsd_fiber =

   30.9494


rmsd_TC =

   23.9809


cmp_hyd =

   1.0e+03 *

    1.5540    0.0480


cmp_tmp =

   12.0754    0.9867


cmp_hxt =

  313.6012  233.4589


rmsd_DP =

   1.5540e+03


rmsd_Tout =

   12.0754


rmsd_qdot =

  313.6012

