------------------------------------------
Setting up environment variables
---
LD_LIBRARY_PATH is .:v95/runtime/glnxa64:v95/bin/glnxa64:v95/sys/os/glnxa64:v95/sys/opengl/lib/glnxa64

j_C =

    0.0362


f_D =

    0.4507


file =

    'not needed'


input_instance =

    '0.03622'


Re_C =

   2.3894e+03


Re_H =

   2.8347e+03


cmp_fiber =

   26.4679   16.7782


cmp_TC =

   11.2285   12.8373    7.0777    5.2527


rmsd_fiber =

   26.4679


rmsd_TC =

   11.2285


cmp_hyd =

   1.0e+03 *

    1.7670    0.4969


cmp_tmp =

   24.6607   20.3360


cmp_hxt =

  774.1803  233.4463


rmsd_DP =

   1.7670e+03


rmsd_Tout =

   24.6607


rmsd_qdot =

  774.1803

