------------------------------------------
Setting up environment variables
---
LD_LIBRARY_PATH is .:v95/runtime/glnxa64:v95/bin/glnxa64:v95/sys/os/glnxa64:v95/sys/opengl/lib/glnxa64

j_C =

    0.0079


f_D =

    0.4507


file =

    'not needed'


input_instance =

    '0.00792'


Re_C =

   2.4628e+03


Re_H =

   2.9691e+03


cmp_fiber =

   29.9540   18.4147


cmp_TC =

   18.6327    9.0322    9.5670    7.9728


rmsd_fiber =

   29.9540


rmsd_TC =

   18.6327


cmp_hyd =

   1.0e+03 *

    1.5856    0.0528


cmp_tmp =

    6.2558    2.3512


cmp_hxt =

  185.3815  118.7904


rmsd_DP =

   1.5856e+03


rmsd_Tout =

    6.2558


rmsd_qdot =

  185.3815

