------------------------------------------
Setting up environment variables
---
LD_LIBRARY_PATH is .:v95/runtime/glnxa64:v95/bin/glnxa64:v95/sys/os/glnxa64:v95/sys/opengl/lib/glnxa64

j_C =

    0.1256


f_D =

    0.4507


file =

    'not needed'


input_instance =

    '0.12559'


Re_C =

   2.3583e+03


Re_H =

   2.7737e+03


cmp_fiber =

   25.4767   15.6193


cmp_TC =

   17.6126   14.4838    9.3324    4.8953


rmsd_fiber =

   25.4767


rmsd_TC =

   17.6126


cmp_hyd =

   1.0e+03 *

    1.8087    0.5953


cmp_tmp =

   31.7072   25.2550


cmp_hxt =

  973.8582  233.0622


rmsd_DP =

   1.8087e+03


rmsd_Tout =

   31.7072


rmsd_qdot =

  973.8582

