------------------------------------------
Setting up environment variables
---
LD_LIBRARY_PATH is .:v95/runtime/glnxa64:v95/bin/glnxa64:v95/sys/os/glnxa64:v95/sys/opengl/lib/glnxa64

j_C =

    0.0659


f_D =

    0.4507


file =

    'not needed'


input_instance =

    '0.06591'


Re_C =

   2.3719e+03


Re_H =

   2.7997e+03


cmp_fiber =

   25.9112   16.1822


cmp_TC =

   15.2203   13.7955    8.4254    4.9740


rmsd_fiber =

   25.9112


rmsd_TC =

   15.2203


cmp_hyd =

   1.0e+03 *

    1.7951    0.5593


cmp_tmp =

   29.0243   23.3741


cmp_hxt =

  898.1444  233.3884


rmsd_DP =

   1.7951e+03


rmsd_Tout =

   29.0243


rmsd_qdot =

  898.1444

