------------------------------------------
Setting up environment variables
---
LD_LIBRARY_PATH is .:v95/runtime/glnxa64:v95/bin/glnxa64:v95/sys/os/glnxa64:v95/sys/opengl/lib/glnxa64

j_C =

    0.2285


f_D =

    0.4507


file =

    'not needed'


input_instance =

    '0.22854'


Re_C =

   2.3493e+03


Re_H =

   2.7578e+03


cmp_fiber =

   25.0546   15.1902


cmp_TC =

   18.7772   14.8964    9.8045    4.9212


rmsd_fiber =

   25.0546


rmsd_TC =

   18.7772


cmp_hyd =

   1.0e+03 *

    1.8108    0.6123


cmp_tmp =

   33.1042   26.2357


cmp_hxt =

   1.0e+03 *

    1.0123    0.2330


rmsd_DP =

   1.8108e+03


rmsd_Tout =

   33.1042


rmsd_qdot =

   1.0123e+03

