------------------------------------------
Setting up environment variables
---
LD_LIBRARY_PATH is .:v95/runtime/glnxa64:v95/bin/glnxa64:v95/sys/os/glnxa64:v95/sys/opengl/lib/glnxa64

j_C =

    0.3459


f_D =

    0.4507


file =

    'not needed'


input_instance =

    '0.34592'


Re_C =

   2.3448e+03


Re_H =

   2.7502e+03


cmp_fiber =

   24.7327   14.9312


cmp_TC =

   19.2474   15.0912   10.0039    4.9626


rmsd_fiber =

   24.7327


rmsd_TC =

   19.2474


cmp_hyd =

   1.0e+03 *

    1.8083    0.6186


cmp_tmp =

   33.7006   26.6539


cmp_hxt =

   1.0e+03 *

    1.0285    0.2329


rmsd_DP =

   1.8083e+03


rmsd_Tout =

   33.7006


rmsd_qdot =

   1.0285e+03

