------------------------------------------
Setting up environment variables
---
LD_LIBRARY_PATH is .:v95/runtime/glnxa64:v95/bin/glnxa64:v95/sys/os/glnxa64:v95/sys/opengl/lib/glnxa64

j_C =

    0.0239


f_D =

    0.4507


file =

    'not needed'


input_instance =

    '0.02393'


Re_C =

   2.4048e+03


Re_H =

   2.8657e+03


cmp_fiber =

   27.0215   17.1602


cmp_TC =

    7.3704   11.9495    6.0391    5.6343


rmsd_fiber =

   27.0215


rmsd_TC =

    7.3704


cmp_hyd =

   1.0e+03 *

    1.7352    0.4274


cmp_tmp =

   19.9873   17.1280


cmp_hxt =

  640.9708  233.1780


rmsd_DP =

   1.7352e+03


rmsd_Tout =

   19.9873


rmsd_qdot =

  640.9708

