------------------------------------------
Setting up environment variables
---
LD_LIBRARY_PATH is .:v95/runtime/glnxa64:v95/bin/glnxa64:v95/sys/os/glnxa64:v95/sys/opengl/lib/glnxa64

j_C =

    0.1901


f_D =

    0.4507


file =

    'not needed'


input_instance =

    '0.19009'


Re_C =

   2.3518e+03


Re_H =

   2.7620e+03


cmp_fiber =

   25.2135   15.3279


cmp_TC =

   18.4925   14.7881    9.6866    4.9074


rmsd_fiber =

   25.2135


rmsd_TC =

   18.4925


cmp_hyd =

   1.0e+03 *

    1.8115    0.6084


cmp_tmp =

   32.7532   25.9887


cmp_hxt =

   1.0e+03 *

    1.0028    0.2329


rmsd_DP =

   1.8115e+03


rmsd_Tout =

   32.7532


rmsd_qdot =

   1.0028e+03

