------------------------------------------
Setting up environment variables
---
LD_LIBRARY_PATH is .:v95/runtime/glnxa64:v95/bin/glnxa64:v95/sys/os/glnxa64:v95/sys/opengl/lib/glnxa64

j_C =

    0.0144


f_D =

    0.4507


file =

    'not needed'


input_instance =

    '0.01442'


Re_C =

   2.4281e+03


Re_H =

   2.9118e+03


cmp_fiber =

   27.9789   17.7315


cmp_TC =

    6.2549   10.6067    5.8761    6.3837


rmsd_fiber =

   27.9789


rmsd_TC =

    6.2549


cmp_hyd =

   1.0e+03 *

    1.6784    0.2976


cmp_tmp =

   11.6720   11.5580


cmp_hxt =

  405.7517  233.6884


rmsd_DP =

   1.6784e+03


rmsd_Tout =

   11.6720


rmsd_qdot =

  405.7517

