------------------------------------------
Setting up environment variables
---
LD_LIBRARY_PATH is .:v95/runtime/glnxa64:v95/bin/glnxa64:v95/sys/os/glnxa64:v95/sys/opengl/lib/glnxa64

j_C =

    0.0104


f_D =

    0.4507


file =

    'not needed'


input_instance =

    '0.01045'


Re_C =

   2.4457e+03


Re_H =

   2.9435e+03


cmp_fiber =

   28.8645   18.1386


cmp_TC =

   11.7516    9.6835    7.3210    7.1080


rmsd_fiber =

   28.8645


rmsd_TC =

   11.7516


cmp_hyd =

   1.0e+03 *

    1.6313    0.1806


cmp_tmp =

    5.1467    2.1290


cmp_hxt =

  224.0606  213.6495


rmsd_DP =

   1.6313e+03


rmsd_Tout =

    5.1467


rmsd_qdot =

  224.0606

