------------------------------------------
Setting up environment variables
---
LD_LIBRARY_PATH is .:v95/runtime/glnxa64:v95/bin/glnxa64:v95/sys/os/glnxa64:v95/sys/opengl/lib/glnxa64

j_C =

    0.2748


f_D =

    0.4507


file =

    'not needed'


input_instance =

    '0.27477'


Re_C =

   2.3471e+03


Re_H =

   2.7541e+03


cmp_fiber =

   24.9146   15.0737


cmp_TC =

   19.0115   14.9916    9.9030    4.9387


rmsd_fiber =

   24.9146


rmsd_TC =

   19.0115


cmp_hyd =

   1.0e+03 *

    1.8100    0.6155


cmp_tmp =

   33.3984   26.4417


cmp_hxt =

   1.0e+03 *

    1.0203    0.2329


rmsd_DP =

   1.8100e+03


rmsd_Tout =

   33.3984


rmsd_qdot =

   1.0203e+03

