------------------------------------------
Setting up environment variables
---
LD_LIBRARY_PATH is .:v95/runtime/glnxa64:v95/bin/glnxa64:v95/sys/os/glnxa64:v95/sys/opengl/lib/glnxa64

j_C =

    0.0083


f_D =

    0.4507


file =

    'not needed'


input_instance =

    '0.0083'


Re_C =

   2.4598e+03


Re_H =

   2.9650e+03


cmp_fiber =

   29.7401   18.3868


cmp_TC =

   17.3648    9.1207    9.1322    7.8066


rmsd_fiber =

   29.7401


rmsd_TC =

   17.3648


cmp_hyd =

   1.0e+03 *

    1.5936    0.0763


cmp_tmp =

    5.1468    3.1691


cmp_hxt =

  170.2753   57.9270


rmsd_DP =

   1.5936e+03


rmsd_Tout =

    5.1468


rmsd_qdot =

  170.2753

