------------------------------------------
Setting up environment variables
---
LD_LIBRARY_PATH is .:v95/runtime/glnxa64:v95/bin/glnxa64:v95/sys/os/glnxa64:v95/sys/opengl/lib/glnxa64

j_C =

    0.4775


f_D =

    0.4507


file =

    'not needed'


input_instance =

    '0.4775'


Re_C =

   2.3420e+03


Re_H =

   2.7456e+03


cmp_fiber =

   24.4439   14.7234


cmp_TC =

   19.4968   15.2028   10.1127    4.9980


rmsd_fiber =

   24.4439


rmsd_TC =

   19.4968


cmp_hyd =

   1.0e+03 *

    1.8041    0.6214


cmp_tmp =

   34.0284   26.8844


cmp_hxt =

   1.0e+03 *

    1.0368    0.2328


rmsd_DP =

   1.8041e+03


rmsd_Tout =

   34.0284


rmsd_qdot =

   1.0368e+03

