------------------------------------------
Setting up environment variables
---
LD_LIBRARY_PATH is .:v95/runtime/glnxa64:v95/bin/glnxa64:v95/sys/os/glnxa64:v95/sys/opengl/lib/glnxa64

j_C =

    0.0228


f_D =

    0.4507


file =

    'not needed'


input_instance =

    '0.02285'


Re_C =

   2.4067e+03


Re_H =

   2.8695e+03


cmp_fiber =

   27.0960   17.2109


cmp_TC =

    6.9384   11.8387    5.9452    5.6886


rmsd_fiber =

   27.0960


rmsd_TC =

    6.9384


cmp_hyd =

   1.0e+03 *

    1.7309    0.4179


cmp_tmp =

   19.3581   16.7001


cmp_hxt =

  623.0471  233.1568


rmsd_DP =

   1.7309e+03


rmsd_Tout =

   19.3581


rmsd_qdot =

  623.0471

