------------------------------------------
Setting up environment variables
---
LD_LIBRARY_PATH is .:v95/runtime/glnxa64:v95/bin/glnxa64:v95/sys/os/glnxa64:v95/sys/opengl/lib/glnxa64

j_C =

    0.2084


f_D =

    0.4507


file =

    'not needed'


input_instance =

    '0.20843'


Re_C =

   2.3505e+03


Re_H =

   2.7599e+03


cmp_fiber =

   25.1285   15.2540


cmp_TC =

   18.6418   14.8438    9.7482    4.9137


rmsd_fiber =

   25.1285


rmsd_TC =

   18.6418


cmp_hyd =

   1.0e+03 *

    1.8111    0.6104


cmp_tmp =

   32.9365   26.1180


cmp_hxt =

   1.0e+03 *

    1.0077    0.2330


rmsd_DP =

   1.8111e+03


rmsd_Tout =

   32.9365


rmsd_qdot =

   1.0077e+03

