------------------------------------------
Setting up environment variables
---
LD_LIBRARY_PATH is .:v95/runtime/glnxa64:v95/bin/glnxa64:v95/sys/os/glnxa64:v95/sys/opengl/lib/glnxa64

j_C =

    0.1815


f_D =

    0.4507


file =

    'not needed'


input_instance =

    '0.18154'


Re_C =

   2.3524e+03


Re_H =

   2.7631e+03


cmp_fiber =

   25.2504   15.3630


cmp_TC =

   18.4124   14.7589    9.6538    4.9047


rmsd_fiber =

   25.2504


rmsd_TC =

   18.4124


cmp_hyd =

   1.0e+03 *

    1.8115    0.6072


cmp_tmp =

   32.6557   25.9201


cmp_hxt =

   1.0e+03 *

    1.0001    0.2329


rmsd_DP =

   1.8115e+03


rmsd_Tout =

   32.6557


rmsd_qdot =

   1.0001e+03

