------------------------------------------
Setting up environment variables
---
LD_LIBRARY_PATH is .:v95/runtime/glnxa64:v95/bin/glnxa64:v95/sys/os/glnxa64:v95/sys/opengl/lib/glnxa64

j_C =

    0.0158


f_D =

    0.4507


file =

    'not needed'


input_instance =

    '0.01581'


Re_C =

   2.4234e+03


Re_H =

   2.9028e+03


cmp_fiber =

   27.7748   17.6163


cmp_TC =

    5.5161   10.8690    5.7155    6.2182


rmsd_fiber =

   27.7748


rmsd_TC =

    5.5161


cmp_hyd =

   1.0e+03 *

    1.6903    0.3258


cmp_tmp =

   13.4228   12.7189


cmp_hxt =

  454.9287  233.5630


rmsd_DP =

   1.6903e+03


rmsd_Tout =

   13.4228


rmsd_qdot =

  454.9287

