------------------------------------------
Setting up environment variables
---
LD_LIBRARY_PATH is .:v95/runtime/glnxa64:v95/bin/glnxa64:v95/sys/os/glnxa64:v95/sys/opengl/lib/glnxa64

j_C =

    0.0456


f_D =

    0.4507


file =

    'not needed'


input_instance =

    '0.0456'


Re_C =

   2.3821e+03


Re_H =

   2.8199e+03


cmp_fiber =

   26.2183   16.5459


cmp_TC =

   13.0098   13.2480    7.6512    5.1134


rmsd_fiber =

   26.2183


rmsd_TC =

   13.0098


cmp_hyd =

   1.0e+03 *

    1.7798    0.5252


cmp_tmp =

   26.6189   21.6958


cmp_hxt =

  829.7636  233.5498


rmsd_DP =

   1.7798e+03


rmsd_Tout =

   26.6189


rmsd_qdot =

  829.7636

