------------------------------------------
Setting up environment variables
---
LD_LIBRARY_PATH is .:v95/runtime/glnxa64:v95/bin/glnxa64:v95/sys/os/glnxa64:v95/sys/opengl/lib/glnxa64

j_C =

    0.0397


f_D =

    0.4507


file =

    'not needed'


input_instance =

    '0.03972'


Re_C =

   2.3864e+03


Re_H =

   2.8285e+03


cmp_fiber =

   26.3619   16.6829


cmp_TC =

   11.9805   13.0089    7.3137    5.1913


rmsd_fiber =

   26.3619


rmsd_TC =

   11.9805


cmp_hyd =

   1.0e+03 *

    1.7725    0.5090


cmp_tmp =

   25.4931   20.9129


cmp_hxt =

  797.7788  233.5134


rmsd_DP =

   1.7725e+03


rmsd_Tout =

   25.4931


rmsd_qdot =

  797.7788

