------------------------------------------
Setting up environment variables
---
LD_LIBRARY_PATH is .:v95/runtime/glnxa64:v95/bin/glnxa64:v95/sys/os/glnxa64:v95/sys/opengl/lib/glnxa64

j_C =

    0.0251


f_D =

    0.4507


file =

    'not needed'


input_instance =

    '0.02506'


Re_C =

   2.4029e+03


Re_H =

   2.8619e+03


cmp_fiber =

   26.9503   17.1092


cmp_TC =

    7.8134   12.0578    6.1409    5.5825


rmsd_fiber =

   26.9503


rmsd_TC =

    7.8134


cmp_hyd =

   1.0e+03 *

    1.7393    0.4365


cmp_tmp =

   20.5923   17.5403


cmp_hxt =

  658.2395  233.2420


rmsd_DP =

   1.7393e+03


rmsd_Tout =

   20.5923


rmsd_qdot =

  658.2395

