------------------------------------------
Setting up environment variables
---
LD_LIBRARY_PATH is .:v95/runtime/glnxa64:v95/bin/glnxa64:v95/sys/os/glnxa64:v95/sys/opengl/lib/glnxa64

j_C =

    0.3155


f_D =

    0.4507


file =

    'not needed'


input_instance =

    '0.31548'


Re_C =

   2.3457e+03


Re_H =

   2.7516e+03


cmp_fiber =

   24.8182   14.9956


cmp_TC =

   19.1595   15.0540    9.9661    4.9530


rmsd_fiber =

   24.8182


rmsd_TC =

   19.1595


cmp_hyd =

   1.0e+03 *

    1.8093    0.6175


cmp_tmp =

   33.5871   26.5738


cmp_hxt =

   1.0e+03 *

    1.0254    0.2328


rmsd_DP =

   1.8093e+03


rmsd_Tout =

   33.5871


rmsd_qdot =

   1.0254e+03

