------------------------------------------
Setting up environment variables
---
LD_LIBRARY_PATH is .:v95/runtime/glnxa64:v95/bin/glnxa64:v95/sys/os/glnxa64:v95/sys/opengl/lib/glnxa64

j_C =

    0.0379


f_D =

    0.4507


file =

    'not needed'


input_instance =

    '0.03793'


Re_C =

   2.3879e+03


Re_H =

   2.8315e+03


cmp_fiber =

   26.4149   16.7317


cmp_TC =

   11.6109   12.9244    7.1966    5.2210


rmsd_fiber =

   26.4149


rmsd_TC =

   11.6109


cmp_hyd =

   1.0e+03 *

    1.7698    0.5031


cmp_tmp =

   25.0854   20.6301


cmp_hxt =

  786.2340  233.4899


rmsd_DP =

   1.7698e+03


rmsd_Tout =

   25.0854


rmsd_qdot =

  786.2340

