------------------------------------------
Setting up environment variables
---
LD_LIBRARY_PATH is .:v95/runtime/glnxa64:v95/bin/glnxa64:v95/sys/os/glnxa64:v95/sys/opengl/lib/glnxa64

j_C =

    0.0998


f_D =

    0.4507


file =

    'not needed'


input_instance =

    '0.09976'


Re_C =

   2.3626e+03


Re_H =

   2.7817e+03


cmp_fiber =

   25.6332   15.8193


cmp_TC =

   16.9311   14.2719    9.0665    4.9057


rmsd_fiber =

   25.6332


rmsd_TC =

   16.9311


cmp_hyd =

   1.0e+03 *

    1.8056    0.5852


cmp_tmp =

   30.9250   24.7058


cmp_hxt =

  951.9286  233.1040


rmsd_DP =

   1.8056e+03


rmsd_Tout =

   30.9250


rmsd_qdot =

  951.9286

