------------------------------------------
Setting up environment variables
---
LD_LIBRARY_PATH is .:v95/runtime/glnxa64:v95/bin/glnxa64:v95/sys/os/glnxa64:v95/sys/opengl/lib/glnxa64

j_C =

    0.3793


f_D =

    0.4507


file =

    'not needed'


input_instance =

    '0.37929'


Re_C =

   2.3440e+03


Re_H =

   2.7488e+03


cmp_fiber =

   24.6371   14.8618


cmp_TC =

   19.3275   15.1257   10.0386    4.9723


rmsd_fiber =

   24.6371


rmsd_TC =

   19.3275


cmp_hyd =

   1.0e+03 *

    1.8069    0.6195


cmp_tmp =

   33.8052   26.7279


cmp_hxt =

   1.0e+03 *

    1.0310    0.2330


rmsd_DP =

   1.8069e+03


rmsd_Tout =

   33.8052


rmsd_qdot =

   1.0310e+03

