------------------------------------------
Setting up environment variables
---
LD_LIBRARY_PATH is .:v95/runtime/glnxa64:v95/bin/glnxa64:v95/sys/os/glnxa64:v95/sys/opengl/lib/glnxa64

j_C =

    0.0910


f_D =

    0.4507


file =

    'not needed'


input_instance =

    '0.09099'


Re_C =

   2.3645e+03


Re_H =

   2.7853e+03


cmp_fiber =

   25.6899   15.8994


cmp_TC =

   16.6105   14.1774    8.9436    4.9147


rmsd_fiber =

   25.6899


rmsd_TC =

   16.6105


cmp_hyd =

   1.0e+03 *

    1.8037    0.5803


cmp_tmp =

   30.5633   24.4523


cmp_hxt =

  941.8266  233.2316


rmsd_DP =

   1.8037e+03


rmsd_Tout =

   30.5633


rmsd_qdot =

  941.8266

