------------------------------------------
Setting up environment variables
---
LD_LIBRARY_PATH is .:v95/runtime/glnxa64:v95/bin/glnxa64:v95/sys/os/glnxa64:v95/sys/opengl/lib/glnxa64

j_C =

    0.0076


f_D =

    0.4507


file =

    'not needed'


input_instance =

    '0.00757'


Re_C =

   2.4658e+03


Re_H =

   2.9728e+03


cmp_fiber =

   30.1748   18.4254


cmp_TC =

   19.8932    8.9599   10.0056    8.1423


rmsd_fiber =

   30.1748


rmsd_TC =

   19.8932


cmp_hyd =

   1.0e+03 *

    1.5779    0.0292


cmp_tmp =

    7.5105    1.5491


cmp_hxt =

  208.4075  179.5176


rmsd_DP =

   1.5779e+03


rmsd_Tout =

    7.5105


rmsd_qdot =

  208.4075

