------------------------------------------
Setting up environment variables
---
LD_LIBRARY_PATH is .:v95/runtime/glnxa64:v95/bin/glnxa64:v95/sys/os/glnxa64:v95/sys/opengl/lib/glnxa64

j_C =

    0.0630


f_D =

    0.4507


file =

    'not needed'


input_instance =

    '0.06295'


Re_C =

   2.3731e+03


Re_H =

   2.8020e+03


cmp_fiber =

   25.9476   16.2289


cmp_TC =

   14.9838   13.7344    8.3396    4.9867


rmsd_fiber =

   25.9476


rmsd_TC =

   14.9838


cmp_hyd =

   1.0e+03 *

    1.7936    0.5557


cmp_tmp =

   28.7658   23.1930


cmp_hxt =

  890.8075  233.3832


rmsd_DP =

   1.7936e+03


rmsd_Tout =

   28.7658


rmsd_qdot =

  890.8075

