------------------------------------------
Setting up environment variables
---
LD_LIBRARY_PATH is .:v95/runtime/glnxa64:v95/bin/glnxa64:v95/sys/os/glnxa64:v95/sys/opengl/lib/glnxa64

j_C =

    0.5000


f_D =

    0.4507


file =

    'not needed'


input_instance =

    '0.5'


Re_C =

   2.3416e+03


Re_H =

   2.7451e+03


cmp_fiber =

   24.4101   14.7001


cmp_TC =

   19.5261   15.2166   10.1256    5.0032


rmsd_fiber =

   24.4101


rmsd_TC =

   19.5261


cmp_hyd =

   1.0e+03 *

    1.8037    0.6217


cmp_tmp =

   34.0673   26.9115


cmp_hxt =

   1.0e+03 *

    1.0377    0.2328


rmsd_DP =

   1.8037e+03


rmsd_Tout =

   34.0673


rmsd_qdot =

   1.0377e+03

