------------------------------------------
Setting up environment variables
---
LD_LIBRARY_PATH is .:v95/runtime/glnxa64:v95/bin/glnxa64:v95/sys/os/glnxa64:v95/sys/opengl/lib/glnxa64

j_C =

    0.0500


f_D =

    0.4507


file =

    'not needed'


input_instance =

    '0.05'


Re_C =

   2.3794e+03


Re_H =

   2.8144e+03


cmp_fiber =

   26.1316   16.4572


cmp_TC =

   13.6334   13.3973    7.8631    5.0699


rmsd_fiber =

   26.1316


rmsd_TC =

   13.6334


cmp_hyd =

   1.0e+03 *

    1.7842    0.5349


cmp_tmp =

   27.2970   22.1680


cmp_hxt =

  848.9900  233.5352


rmsd_DP =

   1.7842e+03


rmsd_Tout =

   27.2970


rmsd_qdot =

  848.9900

