------------------------------------------
Setting up environment variables
---
LD_LIBRARY_PATH is .:v95/runtime/glnxa64:v95/bin/glnxa64:v95/sys/os/glnxa64:v95/sys/opengl/lib/glnxa64

j_C =

    0.1656


f_D =

    0.4507


file =

    'not needed'


input_instance =

    '0.16557'


Re_C =

   2.3538e+03


Re_H =

   2.7655e+03


cmp_fiber =

   25.2986   15.4178


cmp_TC =

   18.2409   14.6968    9.5839    4.9000


rmsd_fiber =

   25.2986


rmsd_TC =

   18.2409


cmp_hyd =

   1.0e+03 *

    1.8109    0.6047


cmp_tmp =

   32.4489   25.7754


cmp_hxt =

  994.3304  232.9323


rmsd_DP =

   1.8109e+03


rmsd_Tout =

   32.4489


rmsd_qdot =

  994.3304

