------------------------------------------
Setting up environment variables
---
LD_LIBRARY_PATH is .:v95/runtime/glnxa64:v95/bin/glnxa64:v95/sys/os/glnxa64:v95/sys/opengl/lib/glnxa64

j_C =

    0.1315


f_D =

    0.4507


file =

    'not needed'


input_instance =

    '0.13151'


Re_C =

   2.3575e+03


Re_H =

   2.7722e+03


cmp_fiber =

   25.4528   15.5873


cmp_TC =

   17.7301   14.5223    9.3790    4.8949


rmsd_fiber =

   25.4528


rmsd_TC =

   17.7301


cmp_hyd =

   1.0e+03 *

    1.8093    0.5971


cmp_tmp =

   31.8442   25.3508


cmp_hxt =

  977.6958  233.0217


rmsd_DP =

   1.8093e+03


rmsd_Tout =

   31.8442


rmsd_qdot =

  977.6958

