------------------------------------------
Setting up environment variables
---
LD_LIBRARY_PATH is .:v95/runtime/glnxa64:v95/bin/glnxa64:v95/sys/os/glnxa64:v95/sys/opengl/lib/glnxa64

j_C =

    0.2506


f_D =

    0.4507


file =

    'not needed'


input_instance =

    '0.25059'


Re_C =

   2.3482e+03


Re_H =

   2.7559e+03


cmp_fiber =

   24.9787   15.1274


cmp_TC =

   18.9001   14.9455    9.8560    4.9296


rmsd_fiber =

   24.9787


rmsd_TC =

   18.9001


cmp_hyd =

   1.0e+03 *

    1.8103    0.6140


cmp_tmp =

   33.2579   26.3436


cmp_hxt =

   1.0e+03 *

    1.0165    0.2329


rmsd_DP =

   1.8103e+03


rmsd_Tout =

   33.2579


rmsd_qdot =

   1.0165e+03

