------------------------------------------
Setting up environment variables
---
LD_LIBRARY_PATH is .:v95/runtime/glnxa64:v95/bin/glnxa64:v95/sys/os/glnxa64:v95/sys/opengl/lib/glnxa64

j_C =

    0.0416


f_D =

    0.4507


file =

    'not needed'


input_instance =

    '0.04159'


Re_C =

   2.3849e+03


Re_H =

   2.8256e+03


cmp_fiber =

   26.3106   16.6354


cmp_TC =

   12.3364   13.0906    7.4286    5.1635


rmsd_fiber =

   26.3106


rmsd_TC =

   12.3364


cmp_hyd =

   1.0e+03 *

    1.7750    0.5147


cmp_tmp =

   25.8837   21.1844


cmp_hxt =

  808.8679  233.5485


rmsd_DP =

   1.7750e+03


rmsd_Tout =

   25.8837


rmsd_qdot =

  808.8679

