------------------------------------------
Setting up environment variables
---
LD_LIBRARY_PATH is .:v95/runtime/glnxa64:v95/bin/glnxa64:v95/sys/os/glnxa64:v95/sys/opengl/lib/glnxa64

j_C =

    0.0301


f_D =

    0.4507


file =

    'not needed'


input_instance =

    '0.03013'


Re_C =

   2.3959e+03


Re_H =

   2.8476e+03


cmp_fiber =

   26.6969   16.9340


cmp_TC =

    9.5852   12.4675    6.5966    5.3998


rmsd_fiber =

   26.6969


rmsd_TC =

    9.5852


cmp_hyd =

   1.0e+03 *

    1.7543    0.4694


cmp_tmp =

   22.7867   19.0427


cmp_hxt =

  720.8012  233.3492


rmsd_DP =

   1.7543e+03


rmsd_Tout =

   22.7867


rmsd_qdot =

  720.8012

