------------------------------------------
Setting up environment variables
---
LD_LIBRARY_PATH is .:v95/runtime/glnxa64:v95/bin/glnxa64:v95/sys/os/glnxa64:v95/sys/opengl/lib/glnxa64

j_C =

    0.3972


f_D =

    0.4507


file =

    'not needed'


input_instance =

    '0.39716'


Re_C =

   2.3435e+03


Re_H =

   2.7481e+03


cmp_fiber =

   24.5910   14.8289


cmp_TC =

   19.3649   15.1422   10.0548    4.9774


rmsd_fiber =

   24.5910


rmsd_TC =

   19.3649


cmp_hyd =

   1.0e+03 *

    1.8062    0.6199


cmp_tmp =

   33.8541   26.7624


cmp_hxt =

   1.0e+03 *

    1.0322    0.2330


rmsd_DP =

   1.8062e+03


rmsd_Tout =

   33.8541


rmsd_qdot =

   1.0322e+03

