------------------------------------------
Setting up environment variables
---
LD_LIBRARY_PATH is .:v95/runtime/glnxa64:v95/bin/glnxa64:v95/sys/os/glnxa64:v95/sys/opengl/lib/glnxa64

j_C =

    0.1145


f_D =

    0.4507


file =

    'not needed'


input_instance =

    '0.11454'


Re_C =

   2.3600e+03


Re_H =

   2.7768e+03


cmp_fiber =

   25.5382   15.6957


cmp_TC =

   17.3594   14.4032    9.2328    4.8976


rmsd_fiber =

   25.5382


rmsd_TC =

   17.3594


cmp_hyd =

   1.0e+03 *

    1.8076    0.5916


cmp_tmp =

   31.4143   25.0494


cmp_hxt =

  965.6795  233.1830


rmsd_DP =

   1.8076e+03


rmsd_Tout =

   31.4143


rmsd_qdot =

  965.6795

