------------------------------------------
Setting up environment variables
---
LD_LIBRARY_PATH is .:v95/runtime/glnxa64:v95/bin/glnxa64:v95/sys/os/glnxa64:v95/sys/opengl/lib/glnxa64

j_C =

    0.0095


f_D =

    0.4507


file =

    'not needed'


input_instance =

    '0.00953'


Re_C =

   2.4512e+03


Re_H =

   2.9523e+03


cmp_fiber =

   29.1840   18.2334


cmp_TC =

   13.8669    9.4386    7.9763    7.3659


rmsd_fiber =

   29.1840


rmsd_TC =

   13.8669


cmp_hyd =

   1.0e+03 *

    1.6166    0.1411


cmp_tmp =

    3.9671    1.1481


cmp_hxt =

  182.8645  110.3282


rmsd_DP =

   1.6166e+03


rmsd_Tout =

    3.9671


rmsd_qdot =

  182.8645

