------------------------------------------
Setting up environment variables
---
LD_LIBRARY_PATH is .:v95/runtime/glnxa64:v95/bin/glnxa64:v95/sys/os/glnxa64:v95/sys/opengl/lib/glnxa64

j_C =

    0.1094


f_D =

    0.4507


file =

    'not needed'


input_instance =

    '0.10939'


Re_C =

   2.3608e+03


Re_H =

   2.7784e+03


cmp_fiber =

   25.5700   15.7369


cmp_TC =

   17.2236   14.3610    9.1798    4.8997


rmsd_fiber =

   25.5700


rmsd_TC =

   17.2236


cmp_hyd =

   1.0e+03 *

    1.8070    0.5895


cmp_tmp =

   31.2583   24.9398


cmp_hxt =

  961.3117  233.1610


rmsd_DP =

   1.8070e+03


rmsd_Tout =

   31.2583


rmsd_qdot =

  961.3117

