------------------------------------------
Setting up environment variables
---
LD_LIBRARY_PATH is .:v95/runtime/glnxa64:v95/bin/glnxa64:v95/sys/os/glnxa64:v95/sys/opengl/lib/glnxa64

j_C =

    0.0869


f_D =

    0.4507


file =

    'not needed'


input_instance =

    '0.08689'


Re_C =

   2.3655e+03


Re_H =

   2.7873e+03


cmp_fiber =

   25.7135   15.9353


cmp_TC =

   16.4384   14.1274    8.8781    4.9203


rmsd_fiber =

   25.7135


rmsd_TC =

   16.4384


cmp_hyd =

   1.0e+03 *

    1.8025    0.5777


cmp_tmp =

   30.3705   24.3176


cmp_hxt =

  936.4136  233.3301


rmsd_DP =

   1.8025e+03


rmsd_Tout =

   30.3705


rmsd_qdot =

  936.4136

