------------------------------------------
Setting up environment variables
---
LD_LIBRARY_PATH is .:v95/runtime/glnxa64:v95/bin/glnxa64:v95/sys/os/glnxa64:v95/sys/opengl/lib/glnxa64

j_C =

    0.0574


f_D =

    0.4507


file =

    'not needed'


input_instance =

    '0.05741'


Re_C =

   2.3755e+03


Re_H =

   2.8068e+03


cmp_fiber =

   26.0174   16.3205


cmp_TC =

   14.4779   13.6059    8.1584    5.0159


rmsd_fiber =

   26.0174


rmsd_TC =

   14.4779


cmp_hyd =

   1.0e+03 *

    1.7901    0.5479


cmp_tmp =

   28.2146   22.8078


cmp_hxt =

  875.0946  233.4213


rmsd_DP =

   1.7901e+03


rmsd_Tout =

   28.2146


rmsd_qdot =

  875.0946

